<?xml version="1.0" encoding="UTF-8"?>
<!-- Generated by org.testng.reporters.JUnitXMLReporter -->
<testsuite hostname="Dell-Xps-15-12" name="Command line test" tests="24" failures="2" timestamp="20 Feb 2018 22:30:58 GMT" time="189.112" errors="0">
  <testcase name="given_AboutAerospaceLink_when_Clicked_then_AerospacePageIsLoaded" time="9.317" classname="com.inhancewebsiteautomationtest.tests.InhanceWebsiteAboutPageTest">
    <failure type="org.openqa.selenium.TimeoutException" message="Expected condition failed: waiting for com.inhancewebsiteautomationtest.tests.InhanceWebsiteAboutPageTest$10@a38c7fe (tried for 6 second(s) with 250 MILLISECONDS interval)
Build info: version: &amp;apos;3.9.1&amp;apos;, revision: &amp;apos;63f7b50&amp;apos;, time: &amp;apos;2018-02-07T22:25:02.294Z&amp;apos;
System info: host: &amp;apos;DELL-XPS-15-12&amp;apos;, ip: &amp;apos;192.168.151.117&amp;apos;, os.name: &amp;apos;Windows 10&amp;apos;, os.arch: &amp;apos;amd64&amp;apos;, os.version: &amp;apos;10.0&amp;apos;, java.version: &amp;apos;1.8.0_161&amp;apos;
Driver info: driver.version: unknown">
      <![CDATA[org.openqa.selenium.TimeoutException: Expected condition failed: waiting for com.inhancewebsiteautomationtest.tests.InhanceWebsiteAboutPageTest$10@a38c7fe (tried for 6 second(s) with 250 MILLISECONDS interval)
Build info: version: '3.9.1', revision: '63f7b50', time: '2018-02-07T22:25:02.294Z'
System info: host: 'DELL-XPS-15-12', ip: '192.168.151.117', os.name: 'Windows 10', os.arch: 'amd64', os.version: '10.0', java.version: '1.8.0_161'
Driver info: driver.version: unknown
	at org.openqa.selenium.support.ui.FluentWait.timeoutException(FluentWait.java:263)
	at org.openqa.selenium.support.ui.FluentWait.until(FluentWait.java:231)
	at com.inhancewebsiteautomationtest.tests.InhanceWebsiteAboutPageTest.checkPageBackgroundIsDisplayed(InhanceWebsiteAboutPageTest.java:705)
	at com.inhancewebsiteautomationtest.tests.InhanceWebsiteAboutPageTest.given_AboutAerospaceLink_when_Clicked_then_AerospacePageIsLoaded(InhanceWebsiteAboutPageTest.java:417)
	at com.inhancewebsiteautomationtest.tests.MainAboutTest.main(MainAboutTest.java:12)
... Removed 21 stack frames]]>
    </failure>
  </testcase> <!-- given_AboutAerospaceLink_when_Clicked_then_AerospacePageIsLoaded -->
  <testcase name="given_AboutAerospaceLink_when_Hovered_then_Animate" time="3.76" classname="com.inhancewebsiteautomationtest.tests.InhanceWebsiteAboutPageTest"/>
  <testcase name="given_AboutAerospaceLink_when_Unhovered_then_Animate" time="13.895" classname="com.inhancewebsiteautomationtest.tests.InhanceWebsiteAboutPageTest">
    <failure type="org.openqa.selenium.TimeoutException" message="Expected condition failed: waiting for com.inhancewebsiteautomationtest.tests.InhanceWebsiteAboutPageTest$9@27406a17 (tried for 6 second(s) with 250 MILLISECONDS interval)
Build info: version: &amp;apos;3.9.1&amp;apos;, revision: &amp;apos;63f7b50&amp;apos;, time: &amp;apos;2018-02-07T22:25:02.294Z&amp;apos;
System info: host: &amp;apos;DELL-XPS-15-12&amp;apos;, ip: &amp;apos;192.168.151.117&amp;apos;, os.name: &amp;apos;Windows 10&amp;apos;, os.arch: &amp;apos;amd64&amp;apos;, os.version: &amp;apos;10.0&amp;apos;, java.version: &amp;apos;1.8.0_161&amp;apos;
Driver info: driver.version: unknown">
      <![CDATA[org.openqa.selenium.TimeoutException: Expected condition failed: waiting for com.inhancewebsiteautomationtest.tests.InhanceWebsiteAboutPageTest$9@27406a17 (tried for 6 second(s) with 250 MILLISECONDS interval)
Build info: version: '3.9.1', revision: '63f7b50', time: '2018-02-07T22:25:02.294Z'
System info: host: 'DELL-XPS-15-12', ip: '192.168.151.117', os.name: 'Windows 10', os.arch: 'amd64', os.version: '10.0', java.version: '1.8.0_161'
Driver info: driver.version: unknown
	at org.openqa.selenium.support.ui.FluentWait.timeoutException(FluentWait.java:263)
	at org.openqa.selenium.support.ui.FluentWait.until(FluentWait.java:231)
	at com.inhancewebsiteautomationtest.tests.InhanceWebsiteAboutPageTest.checkDehighlightWhenNoLongerHoveredOverOfElement(InhanceWebsiteAboutPageTest.java:684)
	at com.inhancewebsiteautomationtest.tests.InhanceWebsiteAboutPageTest.given_AboutAerospaceLink_when_Unhovered_then_Animate(InhanceWebsiteAboutPageTest.java:408)
	at com.inhancewebsiteautomationtest.tests.MainAboutTest.main(MainAboutTest.java:12)
... Removed 21 stack frames]]>
    </failure>
  </testcase> <!-- given_AboutAerospaceLink_when_Unhovered_then_Animate -->
  <testcase name="given_AboutDownArrowButton_when_Clicked_then_ContactPageIsLoaded" time="7.045" classname="com.inhancewebsiteautomationtest.tests.InhanceWebsiteAboutPageTest"/>
  <testcase name="given_AboutHamburgerButtonAboutSelection_when_Clicked_then_MenuDisappears" time="4.199" classname="com.inhancewebsiteautomationtest.tests.InhanceWebsiteAboutPageTest"/>
  <testcase name="given_AboutHamburgerButtonAboutSelection_when_Hovered_then_Highlighted" time="3.005" classname="com.inhancewebsiteautomationtest.tests.InhanceWebsiteAboutPageTest"/>
  <testcase name="given_AboutHamburgerButtonAboutSelection_when_Unhovered_then_Dehighlighted" time="4.309" classname="com.inhancewebsiteautomationtest.tests.InhanceWebsiteAboutPageTest"/>
  <testcase name="given_AboutHamburgerButtonContactSelection_when_Clicked_then_ContactPageIsLoaded" time="4.063" classname="com.inhancewebsiteautomationtest.tests.InhanceWebsiteAboutPageTest"/>
  <testcase name="given_AboutHamburgerButtonContactSelection_when_Hovered_then_Highlighted" time="4.434" classname="com.inhancewebsiteautomationtest.tests.InhanceWebsiteAboutPageTest"/>
  <testcase name="given_AboutHamburgerButtonContactSelection_when_Unhovered_then_Dehighlighted" time="5.652" classname="com.inhancewebsiteautomationtest.tests.InhanceWebsiteAboutPageTest"/>
  <testcase name="given_AboutHamburgerButtonNewsSelection_when_Clicked_then_NewsPageIsLoaded" time="7.761" classname="com.inhancewebsiteautomationtest.tests.InhanceWebsiteAboutPageTest"/>
  <testcase name="given_AboutHamburgerButtonNewsSelection_when_Hovered_then_Highlighted" time="4.302" classname="com.inhancewebsiteautomationtest.tests.InhanceWebsiteAboutPageTest"/>
  <testcase name="given_AboutHamburgerButtonNewsSelection_when_Unhovered_then_Dehighlighted" time="5.665" classname="com.inhancewebsiteautomationtest.tests.InhanceWebsiteAboutPageTest"/>
  <testcase name="given_AboutHamburgerButtonWorkSelection_when_Clicked_then_WorkPageIsLoaded" time="4.271" classname="com.inhancewebsiteautomationtest.tests.InhanceWebsiteAboutPageTest"/>
  <testcase name="given_AboutHamburgerButtonWorkSelection_when_Hovered_then_Highlighted" time="4.508" classname="com.inhancewebsiteautomationtest.tests.InhanceWebsiteAboutPageTest"/>
  <testcase name="given_AboutHamburgerButtonWorkSelection_when_Unhovered_then_Dehighlighted" time="6.322" classname="com.inhancewebsiteautomationtest.tests.InhanceWebsiteAboutPageTest"/>
  <testcase name="given_AboutHamburgerButtonXSelection_when_Pressed_then_MenuDisappears" time="3.523" classname="com.inhancewebsiteautomationtest.tests.InhanceWebsiteAboutPageTest"/>
  <testcase name="given_AboutHamburgerButton_when_Hovered_then_Highlighted" time="2.584" classname="com.inhancewebsiteautomationtest.tests.InhanceWebsiteAboutPageTest"/>
  <testcase name="given_AboutHamburgerButton_when_Pressed_then_MenuIsDisplayed" time="2.313" classname="com.inhancewebsiteautomationtest.tests.InhanceWebsiteAboutPageTest"/>
  <testcase name="given_AboutHamburgerButton_when_Unhovered_then_Dehighlighted" time="5.319" classname="com.inhancewebsiteautomationtest.tests.InhanceWebsiteAboutPageTest"/>
  <testcase name="given_AboutLogoButton_when_Hovered_then_Highlighted" time="3.322" classname="com.inhancewebsiteautomationtest.tests.InhanceWebsiteAboutPageTest"/>
  <testcase name="given_AboutLogoButton_when_Unhovered_then_Dehighlighted" time="2.327" classname="com.inhancewebsiteautomationtest.tests.InhanceWebsiteAboutPageTest"/>
  <testcase name="given_AboutPage_when_Loaded_then_AboutPageIsLoaded" time="0.949" classname="com.inhancewebsiteautomationtest.tests.InhanceWebsiteAboutPageTest"/>
  <testcase name="given_AboutPage_when_Loaded_then_PageBackgroundIsDisplayed" time="3.265" classname="com.inhancewebsiteautomationtest.tests.InhanceWebsiteAboutPageTest"/>
</testsuite> <!-- Command line test -->
